==8422== Memcheck, a memory error detector
==8422== Copyright (C) 2002-2017, and GNU GPL'd, by Julian Seward et al.
==8422== Using Valgrind-3.15.0 and LibVEX; rerun with -h for copyright info
==8422== Command: ./dist/Debug/GNU-Linux/DirMan
==8422== Parent PID: 8360
==8422== 
==8422== 
==8422== HEAP SUMMARY:
==8422==     in use at exit: 1,411,824 bytes in 17,464 blocks
==8422==   total heap usage: 277,759 allocs, 260,295 frees, 1,147,292,883 bytes allocated
==8422== 
==8422== 688 bytes in 1 blocks are possibly lost in loss record 2,251 of 2,487
==8422==    at 0x4C2C089: calloc (vg_replace_malloc.c:762)
==8422==    by 0x4012784: allocate_dtv (dl-tls.c:317)
==8422==    by 0x4012784: _dl_allocate_tls (dl-tls.c:533)
==8422==    by 0x609B87B: allocate_stack (allocatestack.c:539)
==8422==    by 0x609B87B: pthread_create@@GLIBC_2.2.5 (pthread_create.c:447)
==8422==    by 0x5A01405: QThread::start(QThread::Priority) (qthread_unix.cpp:645)
==8422==    by 0x40DB21A: QXcbEventReader::start() (qxcbconnection.cpp:1300)
==8422==    by 0x40E0DAE: QXcbConnection::QXcbConnection(QXcbNativeInterface*, bool, unsigned int, char const*) (qxcbconnection.cpp:580)
==8422==    by 0x40E4941: QXcbIntegration::QXcbIntegration(QStringList const&, int&, char**) (qxcbintegration.cpp:181)
==8422==    by 0x402462A: QXcbIntegrationPlugin::create(QString const&, QStringList const&, int&, char**) (qxcbmain.cpp:56)
==8422==    by 0x558D6DA: QPlatformIntegrationFactory::create(QString const&, QStringList const&, int&, char**, QString const&) (qplatformintegrationfactory.cpp:71)
==8422==    by 0x559B9C9: init_platform (qguiapplication.cpp:1131)
==8422==    by 0x559B9C9: QGuiApplicationPrivate::createPlatformIntegration() (qguiapplication.cpp:1294)
==8422==    by 0x559C50C: QGuiApplicationPrivate::createEventDispatcher() (qguiapplication.cpp:1311)
==8422==    by 0x5BB2987: QCoreApplicationPrivate::init() (qcoreapplication.cpp:823)
==8422== 
==8422== 688 bytes in 1 blocks are possibly lost in loss record 2,252 of 2,487
==8422==    at 0x4C2C089: calloc (vg_replace_malloc.c:762)
==8422==    by 0x4012784: allocate_dtv (dl-tls.c:317)
==8422==    by 0x4012784: _dl_allocate_tls (dl-tls.c:533)
==8422==    by 0x609B87B: allocate_stack (allocatestack.c:539)
==8422==    by 0x609B87B: pthread_create@@GLIBC_2.2.5 (pthread_create.c:447)
==8422==    by 0x5A01405: QThread::start(QThread::Priority) (qthread_unix.cpp:645)
==8422==    by 0x51A58A0: QFileInfoGatherer::QFileInfoGatherer(QObject*) (qfileinfogatherer.cpp:106)
==8422==    by 0x519E783: QFileSystemModelPrivate (qfilesystemmodel_p.h:227)
==8422==    by 0x519E783: QFileSystemModel::QFileSystemModel(QObject*) (qfilesystemmodel.cpp:225)
==8422==    by 0x408409: RPane::RPane(QWidget*) (rpane.cpp:24)
==8422==    by 0x407018: RDirMan::RDirMan(QWidget*) (rdirman.cpp:23)
==8422==    by 0x405AB8: main (main.cpp:23)
==8422== 
==8422== 688 bytes in 1 blocks are possibly lost in loss record 2,253 of 2,487
==8422==    at 0x4C2C089: calloc (vg_replace_malloc.c:762)
==8422==    by 0x4012784: allocate_dtv (dl-tls.c:317)
==8422==    by 0x4012784: _dl_allocate_tls (dl-tls.c:533)
==8422==    by 0x609B87B: allocate_stack (allocatestack.c:539)
==8422==    by 0x609B87B: pthread_create@@GLIBC_2.2.5 (pthread_create.c:447)
==8422==    by 0x5A01405: QThread::start(QThread::Priority) (qthread_unix.cpp:645)
==8422==    by 0x51A58A0: QFileInfoGatherer::QFileInfoGatherer(QObject*) (qfileinfogatherer.cpp:106)
==8422==    by 0x519E783: QFileSystemModelPrivate (qfilesystemmodel_p.h:227)
==8422==    by 0x519E783: QFileSystemModel::QFileSystemModel(QObject*) (qfilesystemmodel.cpp:225)
==8422==    by 0x408409: RPane::RPane(QWidget*) (rpane.cpp:24)
==8422==    by 0x40703D: RDirMan::RDirMan(QWidget*) (rdirman.cpp:24)
==8422==    by 0x405AB8: main (main.cpp:23)
==8422== 
==8422== LEAK SUMMARY:
==8422==    definitely lost: 0 bytes in 0 blocks
==8422==    indirectly lost: 0 bytes in 0 blocks
==8422==      possibly lost: 2,064 bytes in 3 blocks
==8422==    still reachable: 1,409,760 bytes in 17,461 blocks
==8422==                       of which reachable via heuristic:
==8422==                         multipleinheritance: 80 bytes in 2 blocks
==8422==         suppressed: 0 bytes in 0 blocks
==8422== Reachable blocks (those to which a pointer was found) are not shown.
==8422== To see them, rerun with: --leak-check=full --show-leak-kinds=all
==8422== 
==8422== ERROR SUMMARY: 3 errors from 3 contexts (suppressed: 0 from 0)
